[debug] [2023-02-13T13:55:15.964Z] ----------------------------------------------------------------------
[debug] [2023-02-13T13:55:15.968Z] Command:       C:\Program Files\nodejs\node.exe C:\Users\karan\AppData\Roaming\npm\node_modules\firebase-tools\lib\bin\firebase.js init
[debug] [2023-02-13T13:55:15.969Z] CLI Version:   11.22.0
[debug] [2023-02-13T13:55:15.969Z] Platform:      win32
[debug] [2023-02-13T13:55:15.969Z] Node Version:  v18.14.0
[debug] [2023-02-13T13:55:15.970Z] Time:          Mon Feb 13 2023 19:25:15 GMT+0530 (India Standard Time)
[debug] [2023-02-13T13:55:15.970Z] ----------------------------------------------------------------------
[debug] 
[debug] [2023-02-13T13:55:15.978Z] >>> [apiv2][query] GET https://firebase-public.firebaseio.com/cli.json [none]
[debug] [2023-02-13T13:55:16.077Z] > command requires scopes: ["email","openid","https://www.googleapis.com/auth/cloudplatformprojects.readonly","https://www.googleapis.com/auth/firebase","https://www.googleapis.com/auth/cloud-platform"]
[debug] [2023-02-13T13:55:16.078Z] > authorizing via signed-in user (karanmegha99@gmail.com)
[info] 
     ######## #### ########  ######## ########     ###     ######  ########
     ##        ##  ##     ## ##       ##     ##  ##   ##  ##       ##
     ######    ##  ########  ######   ########  #########  ######  ######
     ##        ##  ##    ##  ##       ##     ## ##     ##       ## ##
     ##       #### ##     ## ######## ########  ##     ##  ######  ########

You're about to initialize a Firebase project in this directory:

  D:\Desktop\meOnRent\me_on_rent

[debug] [2023-02-13T13:55:17.089Z] <<< [apiv2][status] GET https://firebase-public.firebaseio.com/cli.json 200
[debug] [2023-02-13T13:55:17.090Z] <<< [apiv2][body] GET https://firebase-public.firebaseio.com/cli.json {"cloudBuildErrorAfter":1594252800000,"cloudBuildWarnAfter":1590019200000,"defaultNode10After":1594252800000,"minVersion":"3.0.5","node8DeploysDisabledAfter":1613390400000,"node8RuntimeDisabledAfter":1615809600000,"node8WarnAfter":1600128000000}
[info] 
=== Project Setup
[info] 
[info] First, let's associate this project directory with a Firebase project.
[info] You can create multiple project aliases by running firebase use --add, 
[info] but for now we'll just set up a default project.
[info] 
[debug] [2023-02-13T13:55:59.644Z] > refreshing access token with scopes: []
[debug] [2023-02-13T13:55:59.647Z] >>> [apiv2][query] POST https://www.googleapis.com/oauth2/v3/token [none]
[debug] [2023-02-13T13:55:59.647Z] >>> [apiv2][body] POST https://www.googleapis.com/oauth2/v3/token [omitted]
[debug] [2023-02-13T13:56:00.340Z] <<< [apiv2][status] POST https://www.googleapis.com/oauth2/v3/token 200
[debug] [2023-02-13T13:56:00.340Z] <<< [apiv2][body] POST https://www.googleapis.com/oauth2/v3/token [omitted]
[debug] [2023-02-13T13:56:00.362Z] >>> [apiv2][query] GET https://firebase.googleapis.com/v1beta1/projects pageSize=100
[debug] [2023-02-13T13:56:01.730Z] <<< [apiv2][status] GET https://firebase.googleapis.com/v1beta1/projects 200
[debug] [2023-02-13T13:56:01.731Z] <<< [apiv2][body] GET https://firebase.googleapis.com/v1beta1/projects [omitted]
[info] i  Using project meonrent-3e10f (meOnRent) 
[info] 
=== Database Setup
[info] i  database: ensuring required API firebasedatabase.googleapis.com is enabled... 
[debug] [2023-02-13T13:56:05.078Z] >>> [apiv2][query] GET https://serviceusage.googleapis.com/v1/projects/meonrent-3e10f/services/firebasedatabase.googleapis.com [none]
[debug] [2023-02-13T13:56:05.078Z] >>> [apiv2][(partial)header] GET https://serviceusage.googleapis.com/v1/projects/meonrent-3e10f/services/firebasedatabase.googleapis.com x-goog-quota-user=projects/meonrent-3e10f
[debug] [2023-02-13T13:56:07.873Z] <<< [apiv2][status] GET https://serviceusage.googleapis.com/v1/projects/meonrent-3e10f/services/firebasedatabase.googleapis.com 200
[debug] [2023-02-13T13:56:07.874Z] <<< [apiv2][body] GET https://serviceusage.googleapis.com/v1/projects/meonrent-3e10f/services/firebasedatabase.googleapis.com [omitted]
[warn] !  database: missing required API firebasedatabase.googleapis.com. Enabling now... 
[debug] [2023-02-13T13:56:07.875Z] >>> [apiv2][query] POST https://serviceusage.googleapis.com/v1/projects/meonrent-3e10f/services/firebasedatabase.googleapis.com:enable [none]
[debug] [2023-02-13T13:56:07.876Z] >>> [apiv2][(partial)header] POST https://serviceusage.googleapis.com/v1/projects/meonrent-3e10f/services/firebasedatabase.googleapis.com:enable x-goog-quota-user=projects/meonrent-3e10f
[debug] [2023-02-13T13:56:10.125Z] <<< [apiv2][status] POST https://serviceusage.googleapis.com/v1/projects/meonrent-3e10f/services/firebasedatabase.googleapis.com:enable 200
[debug] [2023-02-13T13:56:10.126Z] <<< [apiv2][body] POST https://serviceusage.googleapis.com/v1/projects/meonrent-3e10f/services/firebasedatabase.googleapis.com:enable [omitted]
[debug] [2023-02-13T13:56:20.140Z] >>> [apiv2][query] GET https://serviceusage.googleapis.com/v1/projects/meonrent-3e10f/services/firebasedatabase.googleapis.com [none]
[debug] [2023-02-13T13:56:20.141Z] >>> [apiv2][(partial)header] GET https://serviceusage.googleapis.com/v1/projects/meonrent-3e10f/services/firebasedatabase.googleapis.com x-goog-quota-user=projects/meonrent-3e10f
[debug] [2023-02-13T13:56:23.442Z] <<< [apiv2][status] GET https://serviceusage.googleapis.com/v1/projects/meonrent-3e10f/services/firebasedatabase.googleapis.com 200
[debug] [2023-02-13T13:56:23.442Z] <<< [apiv2][body] GET https://serviceusage.googleapis.com/v1/projects/meonrent-3e10f/services/firebasedatabase.googleapis.com [omitted]
[info] +  database: required API firebasedatabase.googleapis.com is enabled 
[info] 
[debug] [2023-02-13T13:56:23.460Z] >>> [apiv2][query] GET https://firebase.googleapis.com/v1beta1/projects/meonrent-3e10f [none]
[debug] [2023-02-13T13:56:24.359Z] <<< [apiv2][status] GET https://firebase.googleapis.com/v1beta1/projects/meonrent-3e10f 200
[debug] [2023-02-13T13:56:24.359Z] <<< [apiv2][body] GET https://firebase.googleapis.com/v1beta1/projects/meonrent-3e10f {"projectId":"meonrent-3e10f","projectNumber":"312824034329","displayName":"meOnRent","name":"projects/meonrent-3e10f","resources":{"hostingSite":"meonrent-3e10f","storageBucket":"meonrent-3e10f.appspot.com","locationId":"asia-south1"},"state":"ACTIVE","etag":"1_0953c73f-b922-49dd-bf15-2764732e7a4b"}
[debug] [2023-02-13T13:56:30.135Z] >>> [apiv2][query] POST https://firebasedatabase.googleapis.com/v1beta/projects/meonrent-3e10f/locations/asia-southeast1/instances databaseId=meonrent-3e10f-default-rtdb&validateOnly=true
[debug] [2023-02-13T13:56:30.135Z] >>> [apiv2][body] POST https://firebasedatabase.googleapis.com/v1beta/projects/meonrent-3e10f/locations/asia-southeast1/instances {"type":"default_database"}
[debug] [2023-02-13T13:56:31.732Z] <<< [apiv2][status] POST https://firebasedatabase.googleapis.com/v1beta/projects/meonrent-3e10f/locations/asia-southeast1/instances 200
[debug] [2023-02-13T13:56:31.733Z] <<< [apiv2][body] POST https://firebasedatabase.googleapis.com/v1beta/projects/meonrent-3e10f/locations/asia-southeast1/instances {"name":"projects/312824034329/locations/asia-southeast1/instances/meonrent-3e10f-default-rtdb","project":"projects/312824034329","databaseUrl":"https://meonrent-3e10f-default-rtdb.asia-southeast1.firebasedatabase.app","type":"DEFAULT_DATABASE","state":"ACTIVE"}
[debug] [2023-02-13T13:56:31.736Z] >>> [apiv2][query] POST https://firebasedatabase.googleapis.com/v1beta/projects/meonrent-3e10f/locations/asia-southeast1/instances databaseId=meonrent-3e10f-default-rtdb
[debug] [2023-02-13T13:56:31.737Z] >>> [apiv2][body] POST https://firebasedatabase.googleapis.com/v1beta/projects/meonrent-3e10f/locations/asia-southeast1/instances {"type":"default_database"}
[debug] [2023-02-13T13:56:33.678Z] <<< [apiv2][status] POST https://firebasedatabase.googleapis.com/v1beta/projects/meonrent-3e10f/locations/asia-southeast1/instances 200
[debug] [2023-02-13T13:56:33.678Z] <<< [apiv2][body] POST https://firebasedatabase.googleapis.com/v1beta/projects/meonrent-3e10f/locations/asia-southeast1/instances {"name":"projects/312824034329/locations/asia-southeast1/instances/meonrent-3e10f-default-rtdb","project":"projects/312824034329","databaseUrl":"https://meonrent-3e10f-default-rtdb.asia-southeast1.firebasedatabase.app","type":"DEFAULT_DATABASE","state":"ACTIVE"}
[info] 
[info] Firebase Realtime Database Security Rules allow you to define how your data should be
[info] structured and when your data can be read from and written to.
[info] 
[debug] [2023-02-13T13:56:46.896Z] >>> [apiv2][query] GET https://meonrent-3e10f-default-rtdb.asia-southeast1.firebasedatabase.app/.settings/rules.json [none]
[debug] [2023-02-13T13:56:49.650Z] <<< [apiv2][status] GET https://meonrent-3e10f-default-rtdb.asia-southeast1.firebasedatabase.app/.settings/rules.json 200
[debug] [2023-02-13T13:56:49.650Z] <<< [apiv2][body] GET https://meonrent-3e10f-default-rtdb.asia-southeast1.firebasedatabase.app/.settings/rules.json [stream]
[info] +  Database Rules for meonrent-3e10f-default-rtdb have been written to database.rules.json. 
[info] Future modifications to database.rules.json will update Realtime Database Security Rules when you run
[info] firebase deploy.
[info] 
=== Firestore Setup
[debug] [2023-02-13T13:56:49.699Z] >>> [apiv2][query] GET https://serviceusage.googleapis.com/v1/projects/meonrent-3e10f/services/firestore.googleapis.com [none]
[debug] [2023-02-13T13:56:49.700Z] >>> [apiv2][(partial)header] GET https://serviceusage.googleapis.com/v1/projects/meonrent-3e10f/services/firestore.googleapis.com x-goog-quota-user=projects/meonrent-3e10f
[debug] [2023-02-13T13:56:52.318Z] <<< [apiv2][status] GET https://serviceusage.googleapis.com/v1/projects/meonrent-3e10f/services/firestore.googleapis.com 200
[debug] [2023-02-13T13:56:52.318Z] <<< [apiv2][body] GET https://serviceusage.googleapis.com/v1/projects/meonrent-3e10f/services/firestore.googleapis.com [omitted]
[debug] [2023-02-13T13:56:52.319Z] >>> [apiv2][query] GET https://firestore.googleapis.com/v1/projects/meonrent-3e10f/databases/(default) [none]
[debug] [2023-02-13T13:56:52.826Z] <<< [apiv2][status] GET https://firestore.googleapis.com/v1/projects/meonrent-3e10f/databases/(default) 200
[debug] [2023-02-13T13:56:52.826Z] <<< [apiv2][body] GET https://firestore.googleapis.com/v1/projects/meonrent-3e10f/databases/(default) {"name":"projects/meonrent-3e10f/databases/(default)","uid":"6c388ff6-5e40-4909-a7c0-b7c15b24830e","createTime":"2023-02-09T17:12:12.618626Z","updateTime":"2023-02-09T17:12:12.618626Z","locationId":"asia-south1","type":"FIRESTORE_NATIVE","concurrencyMode":"PESSIMISTIC","appEngineIntegrationMode":"DISABLED","keyPrefix":"j","etag":"IM/c5MDTkv0CMILH1tr3iP0C"}
[debug] [2023-02-13T13:56:52.826Z] database_type: FIRESTORE_NATIVE
[debug] [2023-02-13T13:56:52.827Z] > command requires scopes: ["email","openid","https://www.googleapis.com/auth/cloudplatformprojects.readonly","https://www.googleapis.com/auth/firebase","https://www.googleapis.com/auth/cloud-platform"]
[debug] [2023-02-13T13:56:52.827Z] > authorizing via signed-in user (karanmegha99@gmail.com)
[debug] [2023-02-13T13:56:52.828Z] [iam] checking project meonrent-3e10f for permissions ["firebase.projects.get"]
[debug] [2023-02-13T13:56:52.829Z] >>> [apiv2][query] POST https://cloudresourcemanager.googleapis.com/v1/projects/meonrent-3e10f:testIamPermissions [none]
[debug] [2023-02-13T13:56:52.829Z] >>> [apiv2][(partial)header] POST https://cloudresourcemanager.googleapis.com/v1/projects/meonrent-3e10f:testIamPermissions x-goog-quota-user=projects/meonrent-3e10f
[debug] [2023-02-13T13:56:52.829Z] >>> [apiv2][body] POST https://cloudresourcemanager.googleapis.com/v1/projects/meonrent-3e10f:testIamPermissions {"permissions":["firebase.projects.get"]}
[debug] [2023-02-13T13:56:55.387Z] <<< [apiv2][status] POST https://cloudresourcemanager.googleapis.com/v1/projects/meonrent-3e10f:testIamPermissions 200
[debug] [2023-02-13T13:56:55.387Z] <<< [apiv2][body] POST https://cloudresourcemanager.googleapis.com/v1/projects/meonrent-3e10f:testIamPermissions {"permissions":["firebase.projects.get"]}
[info] 
[info] Firestore Security Rules allow you to define how and when to allow
[info] requests. You can keep these rules in your project directory
[info] and publish them with firebase deploy.
[info] 
[debug] [2023-02-13T13:57:10.412Z] >>> [apiv2][query] GET https://firebaserules.googleapis.com/v1/projects/meonrent-3e10f/releases pageSize=10&pageToken=
[debug] [2023-02-13T13:57:11.357Z] <<< [apiv2][status] GET https://firebaserules.googleapis.com/v1/projects/meonrent-3e10f/releases 200
[debug] [2023-02-13T13:57:11.357Z] <<< [apiv2][body] GET https://firebaserules.googleapis.com/v1/projects/meonrent-3e10f/releases {"releases":[{"name":"projects/meonrent-3e10f/releases/cloud.firestore","rulesetName":"projects/meonrent-3e10f/rulesets/6e9b653d-90f1-4a85-965b-78a965a3097b","createTime":"2023-02-09T17:12:22.756115Z","updateTime":"2023-02-09T17:12:58.244626Z"},{"name":"projects/meonrent-3e10f/releases/firebase.storage/meonrent-3e10f.appspot.com","rulesetName":"projects/meonrent-3e10f/rulesets/ad01083f-30f0-4cec-86b8-bf180f10ff3b","createTime":"2023-02-09T17:13:56.945652Z","updateTime":"2023-02-09T17:13:56.945652Z"}]}
[debug] [2023-02-13T13:57:11.358Z] Found ruleset: projects/meonrent-3e10f/rulesets/6e9b653d-90f1-4a85-965b-78a965a3097b
[debug] [2023-02-13T13:57:11.359Z] >>> [apiv2][query] GET https://firebaserules.googleapis.com/v1/projects/meonrent-3e10f/rulesets/6e9b653d-90f1-4a85-965b-78a965a3097b [none]
[debug] [2023-02-13T13:57:11.971Z] <<< [apiv2][status] GET https://firebaserules.googleapis.com/v1/projects/meonrent-3e10f/rulesets/6e9b653d-90f1-4a85-965b-78a965a3097b 200
[debug] [2023-02-13T13:57:11.971Z] <<< [apiv2][body] GET https://firebaserules.googleapis.com/v1/projects/meonrent-3e10f/rulesets/6e9b653d-90f1-4a85-965b-78a965a3097b [omitted]
[info] 
[info] Firestore indexes allow you to perform complex queries while
[info] maintaining performance that scales with the size of the result
[info] set. You can keep index definitions in your project directory
[info] and publish them with firebase deploy.
[info] 
[debug] [2023-02-13T13:57:19.211Z] >>> [apiv2][query] GET https://firestore.googleapis.com/v1/projects/meonrent-3e10f/databases/(default)/collectionGroups/-/indexes [none]
[debug] [2023-02-13T13:57:19.218Z] >>> [apiv2][query] GET https://firestore.googleapis.com/v1/projects/meonrent-3e10f/databases/(default)/collectionGroups/-/fields?filter=indexConfig.usesAncestorConfig=false OR ttlConfig:* [none]
[debug] [2023-02-13T13:57:19.545Z] <<< [apiv2][status] GET https://firestore.googleapis.com/v1/projects/meonrent-3e10f/databases/(default)/collectionGroups/-/indexes 200
[debug] [2023-02-13T13:57:19.545Z] <<< [apiv2][body] GET https://firestore.googleapis.com/v1/projects/meonrent-3e10f/databases/(default)/collectionGroups/-/indexes {}
[debug] [2023-02-13T13:57:19.958Z] <<< [apiv2][status] GET https://firestore.googleapis.com/v1/projects/meonrent-3e10f/databases/(default)/collectionGroups/-/fields?filter=indexConfig.usesAncestorConfig=false OR ttlConfig:* 200
[debug] [2023-02-13T13:57:19.959Z] <<< [apiv2][body] GET https://firestore.googleapis.com/v1/projects/meonrent-3e10f/databases/(default)/collectionGroups/-/fields?filter=indexConfig.usesAncestorConfig=false OR ttlConfig:* {"fields":[{"name":"projects/meonrent-3e10f/databases/(default)/collectionGroups/__default__/fields/*","indexConfig":{"indexes":[{"queryScope":"COLLECTION","fields":[{"fieldPath":"*","order":"ASCENDING"}],"state":"READY"},{"queryScope":"COLLECTION","fields":[{"fieldPath":"*","order":"DESCENDING"}],"state":"READY"},{"queryScope":"COLLECTION","fields":[{"fieldPath":"*","arrayConfig":"CONTAINS"}],"state":"READY"}]}}]}
[info] 
=== Functions Setup
[debug] [2023-02-13T13:57:19.964Z] > command requires scopes: ["email","openid","https://www.googleapis.com/auth/cloudplatformprojects.readonly","https://www.googleapis.com/auth/firebase","https://www.googleapis.com/auth/cloud-platform"]
[debug] [2023-02-13T13:57:19.965Z] > authorizing via signed-in user (karanmegha99@gmail.com)
[debug] [2023-02-13T13:57:19.965Z] [iam] checking project meonrent-3e10f for permissions ["firebase.projects.get"]
[debug] [2023-02-13T13:57:19.966Z] >>> [apiv2][query] POST https://cloudresourcemanager.googleapis.com/v1/projects/meonrent-3e10f:testIamPermissions [none]
[debug] [2023-02-13T13:57:19.966Z] >>> [apiv2][(partial)header] POST https://cloudresourcemanager.googleapis.com/v1/projects/meonrent-3e10f:testIamPermissions x-goog-quota-user=projects/meonrent-3e10f
[debug] [2023-02-13T13:57:19.966Z] >>> [apiv2][body] POST https://cloudresourcemanager.googleapis.com/v1/projects/meonrent-3e10f:testIamPermissions {"permissions":["firebase.projects.get"]}
[debug] [2023-02-13T13:57:22.006Z] <<< [apiv2][status] POST https://cloudresourcemanager.googleapis.com/v1/projects/meonrent-3e10f:testIamPermissions 200
[debug] [2023-02-13T13:57:22.006Z] <<< [apiv2][body] POST https://cloudresourcemanager.googleapis.com/v1/projects/meonrent-3e10f:testIamPermissions {"permissions":["firebase.projects.get"]}
[debug] [2023-02-13T13:57:22.007Z] >>> [apiv2][query] GET https://serviceusage.googleapis.com/v1/projects/meonrent-3e10f/services/cloudfunctions.googleapis.com [none]
[debug] [2023-02-13T13:57:22.007Z] >>> [apiv2][(partial)header] GET https://serviceusage.googleapis.com/v1/projects/meonrent-3e10f/services/cloudfunctions.googleapis.com x-goog-quota-user=projects/meonrent-3e10f
[debug] [2023-02-13T13:57:22.011Z] >>> [apiv2][query] GET https://serviceusage.googleapis.com/v1/projects/meonrent-3e10f/services/runtimeconfig.googleapis.com [none]
[debug] [2023-02-13T13:57:22.011Z] >>> [apiv2][(partial)header] GET https://serviceusage.googleapis.com/v1/projects/meonrent-3e10f/services/runtimeconfig.googleapis.com x-goog-quota-user=projects/meonrent-3e10f
[debug] [2023-02-13T13:57:24.260Z] <<< [apiv2][status] GET https://serviceusage.googleapis.com/v1/projects/meonrent-3e10f/services/cloudfunctions.googleapis.com 200
[debug] [2023-02-13T13:57:24.260Z] <<< [apiv2][body] GET https://serviceusage.googleapis.com/v1/projects/meonrent-3e10f/services/cloudfunctions.googleapis.com [omitted]
[debug] [2023-02-13T13:57:24.261Z] >>> [apiv2][query] POST https://serviceusage.googleapis.com/v1/projects/meonrent-3e10f/services/cloudfunctions.googleapis.com:enable [none]
[debug] [2023-02-13T13:57:24.261Z] >>> [apiv2][(partial)header] POST https://serviceusage.googleapis.com/v1/projects/meonrent-3e10f/services/cloudfunctions.googleapis.com:enable x-goog-quota-user=projects/meonrent-3e10f
[debug] [2023-02-13T13:57:24.377Z] <<< [apiv2][status] GET https://serviceusage.googleapis.com/v1/projects/meonrent-3e10f/services/runtimeconfig.googleapis.com 200
[debug] [2023-02-13T13:57:24.377Z] <<< [apiv2][body] GET https://serviceusage.googleapis.com/v1/projects/meonrent-3e10f/services/runtimeconfig.googleapis.com [omitted]
[debug] [2023-02-13T13:57:26.715Z] <<< [apiv2][status] POST https://serviceusage.googleapis.com/v1/projects/meonrent-3e10f/services/cloudfunctions.googleapis.com:enable 200
[debug] [2023-02-13T13:57:26.715Z] <<< [apiv2][body] POST https://serviceusage.googleapis.com/v1/projects/meonrent-3e10f/services/cloudfunctions.googleapis.com:enable [omitted]
[debug] [2023-02-13T13:57:36.719Z] >>> [apiv2][query] GET https://serviceusage.googleapis.com/v1/projects/meonrent-3e10f/services/cloudfunctions.googleapis.com [none]
[debug] [2023-02-13T13:57:36.719Z] >>> [apiv2][(partial)header] GET https://serviceusage.googleapis.com/v1/projects/meonrent-3e10f/services/cloudfunctions.googleapis.com x-goog-quota-user=projects/meonrent-3e10f
[debug] [2023-02-13T13:57:39.005Z] <<< [apiv2][status] GET https://serviceusage.googleapis.com/v1/projects/meonrent-3e10f/services/cloudfunctions.googleapis.com 200
[debug] [2023-02-13T13:57:39.006Z] <<< [apiv2][body] GET https://serviceusage.googleapis.com/v1/projects/meonrent-3e10f/services/cloudfunctions.googleapis.com [omitted]
[info] Let's create a new codebase for your functions.
[info] A directory corresponding to the codebase will be created in your project
[info] with sample code pre-configured.

[info] See https://firebase.google.com/docs/functions/organize-functions for
[info] more information on organizing your functions using codebases.

[info] Functions can be deployed with firebase deploy.

[info] +  Wrote functions/package.json 
[info] +  Wrote functions/.eslintrc.js 
[info] +  Wrote functions/index.js 
[info] +  Wrote functions/.gitignore 
[info] 
=== Hosting Setup
[info] 
[info] Your public directory is the folder (relative to your project directory) that
[info] will contain Hosting assets to be uploaded with firebase deploy. If you
[info] have a build process for your assets, use your build's output directory.
[info] 
[debug] [2023-02-13T13:58:08.740Z] >>> [apiv2][query] GET https://www.gstatic.com/firebasejs/releases.json [none]
[debug] [2023-02-13T13:58:09.197Z] <<< [apiv2][status] GET https://www.gstatic.com/firebasejs/releases.json 200
[debug] [2023-02-13T13:58:09.198Z] <<< [apiv2][body] GET https://www.gstatic.com/firebasejs/releases.json {"current":{"version":"9.17.1","browserURL":"https://www.gstatic.com/firebasejs/9.17.1/firebase.js","packageURL":"https://www.gstatic.com/firebasejs/9.17.1/firebase.tgz"},"live":{"version":"9.17","browserURL":"https://www.gstatic.com/firebasejs/live/9.17/firebase.js","packageURL":"https://www.gstatic.com/firebasejs/live/9.17/firebase.tgz"},"components":{"analytics":"https://www.gstatic.com/firebasejs/9.17.1/firebase-analytics.js","app":"https://www.gstatic.com/firebasejs/9.17.1/firebase-app.js","app-check":"https://www.gstatic.com/firebasejs/9.17.1/firebase-app-check.js","auth":"https://www.gstatic.com/firebasejs/9.17.1/firebase-auth.js","auth/cordova":"https://www.gstatic.com/firebasejs/9.17.1/firebase-auth/cordova.js","auth/react-native":"https://www.gstatic.com/firebasejs/9.17.1/firebase-auth/react-native.js","functions":"https://www.gstatic.com/firebasejs/9.17.1/firebase-functions.js","firestore":"https://www.gstatic.com/firebasejs/9.17.1/firebase-firestore.js","firestore/lite":"https://www.gstatic.com/firebasejs/9.17.1/firebase-firestore/lite.js","installations":"https://www.gstatic.com/firebasejs/9.17.1/firebase-installations.js","storage":"https://www.gstatic.com/firebasejs/9.17.1/firebase-storage.js","performance":"https://www.gstatic.com/firebasejs/9.17.1/firebase-performance.js","remote-config":"https://www.gstatic.com/firebasejs/9.17.1/firebase-remote-config.js","messaging":"https://www.gstatic.com/firebasejs/9.17.1/firebase-messaging.js","messaging/sw":"https://www.gstatic.com/firebasejs/9.17.1/firebase-messaging/sw.js","database":"https://www.gstatic.com/firebasejs/9.17.1/firebase-database.js","firestore.memory":"https://www.gstatic.com/firebasejs/9.17.1/firebase-firestore.memory.js"}}
[info] +  Wrote y/index.html 
[info] 
[info] i  Detected a .git folder at D:\Desktop\meOnRent\me_on_rent 
[info] i  Authorizing with GitHub to upload your service account to a GitHub repository's secrets store. 
[info] 
[info] Visit this URL on this device to log in:
[info] https://github.com/login/oauth/authorize?client_id=89cf50f02ac6aaed3484&state=577428351&redirect_uri=http%3A%2F%2Flocalhost%3A9005&scope=read%3Auser%20repo%20public_repo
[info] 
[info] Waiting for authentication...
[debug] [2023-02-13T13:58:10.421Z] >>> [apiv2][query] POST https://github.com/login/oauth/access_token [none]
[debug] [2023-02-13T13:58:10.422Z] >>> [apiv2][body] POST https://github.com/login/oauth/access_token [stream]
[debug] [2023-02-13T13:58:11.161Z] <<< [apiv2][status] POST https://github.com/login/oauth/access_token 200
[debug] [2023-02-13T13:58:11.161Z] <<< [apiv2][body] POST https://github.com/login/oauth/access_token {"access_token":"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","token_type":"bearer","scope":"read:user,repo"}
[debug] [2023-02-13T13:58:11.223Z] >>> [apiv2][query] GET https://api.github.com/user [none]
[debug] [2023-02-13T13:58:12.185Z] <<< [apiv2][status] GET https://api.github.com/user 200
[debug] [2023-02-13T13:58:12.186Z] <<< [apiv2][body] GET https://api.github.com/user {"login":"KaranMegha","id":92364515,"node_id":"U_kgDOBYFe4w","avatar_url":"https://avatars.githubusercontent.com/u/92364515?v=4","gravatar_id":"","url":"https://api.github.com/users/KaranMegha","html_url":"https://github.com/KaranMegha","followers_url":"https://api.github.com/users/KaranMegha/followers","following_url":"https://api.github.com/users/KaranMegha/following{/other_user}","gists_url":"https://api.github.com/users/KaranMegha/gists{/gist_id}","starred_url":"https://api.github.com/users/KaranMegha/starred{/owner}{/repo}","subscriptions_url":"https://api.github.com/users/KaranMegha/subscriptions","organizations_url":"https://api.github.com/users/KaranMegha/orgs","repos_url":"https://api.github.com/users/KaranMegha/repos","events_url":"https://api.github.com/users/KaranMegha/events{/privacy}","received_events_url":"https://api.github.com/users/KaranMegha/received_events","type":"User","site_admin":false,"name":"Karan Megha","company":null,"blog":"","location":null,"email":null,"hireable":true,"bio":null,"twitter_username":null,"public_repos":33,"public_gists":0,"followers":1,"following":1,"created_at":"2021-10-12T08:45:52Z","updated_at":"2023-02-13T05:58:37Z","private_gists":0,"total_private_repos":1,"owned_private_repos":1,"disk_usage":45458,"collaborators":3,"two_factor_authentication":false,"plan":{"name":"pro","space":976562499,"collaborators":0,"private_repos":9999}}
[info] 
[info] +  Success! Logged into GitHub as KaranMegha 
[info] 
